#
# A fatal error has been detected by the Java Runtime Environment:
#
#  EXCEPTION_ACCESS_VIOLATION (0xc0000005) at pc=0x000000005d09fca0, pid=3952, tid=0x0000000000001d58
#
# JRE version: Java(TM) SE Runtime Environment (8.0_131-b11) (build 1.8.0_131-b11)
# Java VM: Java HotSpot(TM) 64-Bit Server VM (25.131-b11 mixed mode windows-amd64 compressed oops)
# Problematic frame:
# V  [jvm.dll+0xafca0]
#
# Failed to write core dump. Minidumps are not enabled by default on client versions of Windows
#
# If you would like to submit a bug report, please visit:
#   http://bugreport.java.com/bugreport/crash.jsp
#

---------------  T H R E A D  ---------------

Current thread (0x0000000003008800):  GCTaskThread [stack: 0x0000000012ca0000,0x0000000012da0000] [id=7512]

siginfo: ExceptionCode=0xc0000005, reading address 0x0000000001900188

Registers:
RAX=0x0000000012fa0000, RBX=0x000000008843c528, RCX=0x000000008843c528, RDX=0x0000000001900180
RSP=0x0000000012d9fac8, RBP=0x0000000017bf4f00, RSI=0x00000000fa3c5a7c, RDI=0x000000008843c528
R8 =0x00000000000391e2, R9 =0x0000000017bf4f00, R10=0x0000000000007460, R11=0x0000000088434590
R12=0x00000000fa3c6020, R13=0x000000000008f800, R14=0x00000000fa188010, R15=0x00000000003e987b
RIP=0x000000005d09fca0, EFLAGS=0x0000000000010202

Top of Stack: (sp=0x0000000012d9fac8)
0x0000000012d9fac8:   000000005d0fb7b7 0000000088434590
0x0000000012d9fad8:   0000000017bf4f00 00000000fa3c5a78
0x0000000012d9fae8:   0000000000000003 000000008843c528
0x0000000012d9faf8:   000000005d12afaa 0000000000000006
0x0000000012d9fb08:   000000005d1051c6 0000000088442ec0
0x0000000012d9fb18:   000000005d3a02f9 000000000000000a
0x0000000012d9fb28:   000000005d20da92 0000000000000000
0x0000000012d9fb38:   0000000003009010 0000000002ffe8c0
0x0000000012d9fb48:   000000000008f600 0000000000000006
0x0000000012d9fb58:   000000005d3e836a 0000000017bf4f00
0x0000000012d9fb68:   00000000fa188010 000000005d643518
0x0000000012d9fb78:   00001d4100000006 0001c32e000073ca
0x0000000012d9fb88:   0001c32f000073ca 0001c315000069c2
0x0000000012d9fb98:   00000000fa188010 000000000008f600
0x0000000012d9fba8:   000000005d12b021 0000000017bf5080
0x0000000012d9fbb8:   000059c900000007 0000000003008800 

Instructions: (pc=0x000000005d09fca0)
0x000000005d09fc80:   9c bc 1d 00 48 8b 9c 24 d0 00 00 00 48 81 c4 c0
0x000000005d09fc90:   00 00 00 5d c3 cc cc cc cc cc cc cc cc cc cc cc
0x000000005d09fca0:   44 8b 42 08 4c 8b ca 45 85 c0 7e 0e 41 f6 c0 01
0x000000005d09fcb0:   75 57 41 c1 f8 03 41 8b c0 c3 79 4d 80 3d ee d6 


Register to memory mapping:

RAX=0x0000000012fa0000 is an unknown value
RBX=0x000000008843c528 is pointing into object: 0x000000008843c520
[C 
 - klass: {type array char}
 - length: 32
RCX=0x000000008843c528 is pointing into object: 0x000000008843c520
[C 
 - klass: {type array char}
 - length: 32
RDX=0x0000000001900180 is an unknown value
RSP=0x0000000012d9fac8 is an unknown value
RBP=0x0000000017bf4f00 is an unknown value
RSI=0x00000000fa3c5a7c is an unknown value
RDI=0x000000008843c528 is pointing into object: 0x000000008843c520
[C 
 - klass: {type array char}
 - length: 32
R8 =0x00000000000391e2 is an unknown value
R9 =0x0000000017bf4f00 is an unknown value
R10=0x0000000000007460 is an unknown value
R11=0x0000000088434590 is an oop
java.lang.String 
 - klass: 'java/lang/String'
R12=0x00000000fa3c6020 is an oop

[error occurred during error reporting (printing register info), id 0xc0000005]

Stack: [0x0000000012ca0000,0x0000000012da0000],  sp=0x0000000012d9fac8,  free space=1022k
Native frames: (J=compiled Java code, j=interpreted, Vv=VM code, C=native code)
V  [jvm.dll+0xafca0]


---------------  P R O C E S S  ---------------

Java Threads: ( => current thread )
  0x000000001993c800 JavaThread "Service Thread" daemon [_thread_blocked, id=9764, stack(0x0000000019cf0000,0x0000000019df0000)]
  0x0000000017cda000 JavaThread "C1 CompilerThread2" daemon [_thread_blocked, id=4280, stack(0x00000000197f0000,0x00000000198f0000)]
  0x0000000017cd8000 JavaThread "C2 CompilerThread1" daemon [_thread_blocked, id=4504, stack(0x00000000196f0000,0x00000000197f0000)]
  0x0000000017cd7000 JavaThread "C2 CompilerThread0" daemon [_thread_blocked, id=8776, stack(0x00000000195f0000,0x00000000196f0000)]
  0x0000000017cc7000 JavaThread "JDWP Command Reader" daemon [_thread_in_native, id=8844, stack(0x00000000194f0000,0x00000000195f0000)]
  0x0000000017cc3800 JavaThread "JDWP Event Helper Thread" daemon [_thread_blocked, id=1980, stack(0x00000000193f0000,0x00000000194f0000)]
  0x0000000017cb6000 JavaThread "JDWP Transport Listener: dt_shmem" daemon [_thread_blocked, id=3604, stack(0x00000000192f0000,0x00000000193f0000)]
  0x0000000017cae000 JavaThread "Attach Listener" daemon [_thread_blocked, id=8368, stack(0x00000000191f0000,0x00000000192f0000)]
  0x0000000017caa800 JavaThread "Signal Dispatcher" daemon [_thread_blocked, id=10148, stack(0x00000000190f0000,0x00000000191f0000)]
  0x00000000030ed800 JavaThread "Finalizer" daemon [_thread_blocked, id=5280, stack(0x0000000018f00000,0x0000000019000000)]
  0x00000000030e2000 JavaThread "Reference Handler" daemon [_thread_blocked, id=4472, stack(0x0000000018e00000,0x0000000018f00000)]
  0x000000000312e000 JavaThread "main" [_thread_blocked, id=7608, stack(0x0000000002ed0000,0x0000000002fd0000)]

Other Threads:
  0x0000000017c77000 VMThread [stack: 0x0000000018d00000,0x0000000018e00000] [id=10088]
  0x0000000019945000 WatcherThread [stack: 0x0000000019df0000,0x0000000019ef0000] [id=2660]

=>0x0000000003008800 (exited) GCTaskThread [stack: 0x0000000012ca0000,0x0000000012da0000] [id=7512]

VM state:at safepoint (normal execution)

VM Mutex/Monitor currently owned by a thread:  ([mutex/lock_event])
[0x000000000312d290] Threads_lock - owner thread: 0x0000000017c77000
[0x000000000312d990] Heap_lock - owner thread: 0x000000000312e000

Heap:
 PSYoungGen      total 442368K, used 115181K [0x00000000d5b80000, 0x0000000100000000, 0x0000000100000000)
  eden space 327168K, 0% used [0x00000000d5b80000,0x00000000d5b80000,0x00000000e9b00000)
  from space 115200K, 99% used [0x00000000f8f80000,0x00000000ffffb688,0x0000000100000000)
  to   space 182784K, 0% used [0x00000000e9b00000,0x00000000e9b00000,0x00000000f4d80000)
 ParOldGen       total 408576K, used 408263K [0x0000000081200000, 0x000000009a100000, 0x00000000d5b80000)
  object space 408576K, 99% used [0x0000000081200000,0x000000009a0b1ec0,0x000000009a100000)
 Metaspace       used 4113K, capacity 4576K, committed 4864K, reserved 1056768K
  class space    used 441K, capacity 459K, committed 512K, reserved 1048576K

Card table byte_map: [0x00000000124f0000,0x00000000128f0000] byte_map_base: 0x00000000120e7000

Marking Bits: (ParMarkBitMap*) 0x000000005d80c720
 Begin Bits: [0x0000000012fa0000, 0x0000000014f58000)
 End Bits:   [0x0000000014f58000, 0x0000000016f10000)

Polling page: 0x00000000012a0000

CodeCache: size=245760Kb used=2892Kb max_used=2908Kb free=242867Kb
 bounds [0x0000000003130000, 0x0000000003410000, 0x0000000012130000]
 total_blobs=811 nmethods=547 adapters=185
 compilation: enabled

Compilation events (10 events):
Event: 11.191 Thread 0x0000000017cd7000  548       4       java.util.ArrayList$Itr::next (66 bytes)
Event: 11.194 Thread 0x0000000017cd7000 nmethod 548 0x00000000033f7bd0 code [0x00000000033f7d20, 0x00000000033f7e98]
Event: 11.203 Thread 0x0000000017cd8000 nmethod 546 0x00000000033fa710 code [0x00000000033fa880, 0x00000000033fae88]
Event: 11.211 Thread 0x0000000017cda000  549 %     3       java.util.AbstractCollection::toString @ 32 (89 bytes)
Event: 11.213 Thread 0x0000000017cda000 nmethod 549% 0x0000000003402490 code [0x0000000003402820, 0x00000000034049e8]
Event: 11.214 Thread 0x0000000017cda000  550       3       java.util.AbstractCollection::toString (89 bytes)
Event: 11.216 Thread 0x0000000017cda000 nmethod 550 0x0000000003405ed0 code [0x0000000003406260, 0x0000000003408328]
Event: 11.217 Thread 0x0000000017cd7000  551 %     4       java.util.AbstractCollection::toString @ 32 (89 bytes)
Event: 11.242 Thread 0x0000000017cd7000 nmethod 551% 0x0000000003409790 code [0x0000000003409960, 0x000000000340ab68]
Event: 12.412 Thread 0x0000000017cd8000  552 %     4       java.util.AbstractCollection::toString @ 32 (89 bytes)

GC Heap History (10 events):
Event: 7.553 GC heap after
Heap after GC invocations=35 (full 3):
 PSYoungGen      total 588288K, used 55499K [0x00000000d5b80000, 0x00000000ffd00000, 0x0000000100000000)
  eden space 506880K, 0% used [0x00000000d5b80000,0x00000000d5b80000,0x00000000f4a80000)
  from space 81408K, 68% used [0x00000000f9f80000,0x00000000fd5b2ef8,0x00000000fef00000)
  to   space 87040K, 0% used [0x00000000f4a80000,0x00000000f4a80000,0x00000000f9f80000)
 ParOldGen       total 378880K, used 219087K [0x0000000081200000, 0x0000000098400000, 0x00000000d5b80000)
  object space 378880K, 57% used [0x0000000081200000,0x000000008e7f3ec0,0x0000000098400000)
 Metaspace       used 4111K, capacity 4576K, committed 4864K, reserved 1056768K
  class space    used 441K, capacity 459K, committed 512K, reserved 1048576K
}
Event: 7.911 GC heap before
{Heap before GC invocations=36 (full 3):
 PSYoungGen      total 588288K, used 562379K [0x00000000d5b80000, 0x00000000ffd00000, 0x0000000100000000)
  eden space 506880K, 100% used [0x00000000d5b80000,0x00000000f4a80000,0x00000000f4a80000)
  from space 81408K, 68% used [0x00000000f9f80000,0x00000000fd5b2ef8,0x00000000fef00000)
  to   space 87040K, 0% used [0x00000000f4a80000,0x00000000f4a80000,0x00000000f9f80000)
 ParOldGen       total 378880K, used 219087K [0x0000000081200000, 0x0000000098400000, 0x00000000d5b80000)
  object space 378880K, 57% used [0x0000000081200000,0x000000008e7f3ec0,0x0000000098400000)
 Metaspace       used 4111K, capacity 4576K, committed 4864K, reserved 1056768K
  class space    used 441K, capacity 459K, committed 512K, reserved 1048576K
Event: 7.971 GC heap after
Heap after GC invocations=36 (full 3):
 PSYoungGen      total 593920K, used 87035K [0x00000000d5b80000, 0x0000000100000000, 0x0000000100000000)
  eden space 506880K, 0% used [0x00000000d5b80000,0x00000000d5b80000,0x00000000f4a80000)
  from space 87040K, 99% used [0x00000000f4a80000,0x00000000f9f7ec08,0x00000000f9f80000)
  to   space 98816K, 0% used [0x00000000f9f80000,0x00000000f9f80000,0x0000000100000000)
 ParOldGen       total 378880K, used 236911K [0x0000000081200000, 0x0000000098400000, 0x00000000d5b80000)
  object space 378880K, 62% used [0x0000000081200000,0x000000008f95bec0,0x0000000098400000)
 Metaspace       used 4111K, capacity 4576K, committed 4864K, reserved 1056768K
  class space    used 441K, capacity 459K, committed 512K, reserved 1048576K
}
Event: 8.324 GC heap before
{Heap before GC invocations=37 (full 3):
 PSYoungGen      total 593920K, used 593915K [0x00000000d5b80000, 0x0000000100000000, 0x0000000100000000)
  eden space 506880K, 100% used [0x00000000d5b80000,0x00000000f4a80000,0x00000000f4a80000)
  from space 87040K, 99% used [0x00000000f4a80000,0x00000000f9f7ec08,0x00000000f9f80000)
  to   space 98816K, 0% used [0x00000000f9f80000,0x00000000f9f80000,0x0000000100000000)
 ParOldGen       total 378880K, used 236911K [0x0000000081200000, 0x0000000098400000, 0x00000000d5b80000)
  object space 378880K, 62% used [0x0000000081200000,0x000000008f95bec0,0x0000000098400000)
 Metaspace       used 4111K, capacity 4576K, committed 4864K, reserved 1056768K
  class space    used 441K, capacity 459K, committed 512K, reserved 1048576K
Event: 8.398 GC heap after
Heap after GC invocations=37 (full 3):
 PSYoungGen      total 567296K, used 63640K [0x00000000d5b80000, 0x0000000100000000, 0x0000000100000000)
  eden space 468480K, 0% used [0x00000000d5b80000,0x00000000d5b80000,0x00000000f2500000)
  from space 98816K, 64% used [0x00000000f9f80000,0x00000000fdda6200,0x0000000100000000)
  to   space 112128K, 0% used [0x00000000f2500000,0x00000000f2500000,0x00000000f9280000)
 ParOldGen       total 378880K, used 313895K [0x0000000081200000, 0x0000000098400000, 0x00000000d5b80000)
  object space 378880K, 82% used [0x0000000081200000,0x0000000094489ec0,0x0000000098400000)
 Metaspace       used 4111K, capacity 4576K, committed 4864K, reserved 1056768K
  class space    used 441K, capacity 459K, committed 512K, reserved 1048576K
}
Event: 8.725 GC heap before
{Heap before GC invocations=38 (full 3):
 PSYoungGen      total 567296K, used 532120K [0x00000000d5b80000, 0x0000000100000000, 0x0000000100000000)
  eden space 468480K, 100% used [0x00000000d5b80000,0x00000000f2500000,0x00000000f2500000)
  from space 98816K, 64% used [0x00000000f9f80000,0x00000000fdda6200,0x0000000100000000)
  to   space 112128K, 0% used [0x00000000f2500000,0x00000000f2500000,0x00000000f9280000)
 ParOldGen       total 378880K, used 313895K [0x0000000081200000, 0x0000000098400000, 0x00000000d5b80000)
  object space 378880K, 82% used [0x0000000081200000,0x0000000094489ec0,0x0000000098400000)
 Metaspace       used 4111K, capacity 4576K, committed 4864K, reserved 1056768K
  class space    used 441K, capacity 459K, committed 512K, reserved 1048576K
Event: 8.773 GC heap after
Heap after GC invocations=38 (full 3):
 PSYoungGen      total 577536K, used 109048K [0x00000000d5b80000, 0x0000000100000000, 0x0000000100000000)
  eden space 468480K, 0% used [0x00000000d5b80000,0x00000000d5b80000,0x00000000f2500000)
  from space 109056K, 99% used [0x00000000f2500000,0x00000000f8f7e200,0x00000000f8f80000)
  to   space 115200K, 0% used [0x00000000f8f80000,0x00000000f8f80000,0x0000000100000000)
 ParOldGen       total 378880K, used 313895K [0x0000000081200000, 0x0000000098400000, 0x00000000d5b80000)
  object space 378880K, 82% used [0x0000000081200000,0x0000000094489ec0,0x0000000098400000)
 Metaspace       used 4111K, capacity 4576K, committed 4864K, reserved 1056768K
  class space    used 441K, capacity 459K, committed 512K, reserved 1048576K
}
Event: 12.453 GC heap before
{Heap before GC invocations=39 (full 3):
 PSYoungGen      total 577536K, used 551791K [0x00000000d5b80000, 0x0000000100000000, 0x0000000100000000)
  eden space 468480K, 94% used [0x00000000d5b80000,0x00000000f0bddbc0,0x00000000f2500000)
  from space 109056K, 99% used [0x00000000f2500000,0x00000000f8f7e200,0x00000000f8f80000)
  to   space 115200K, 0% used [0x00000000f8f80000,0x00000000f8f80000,0x0000000100000000)
 ParOldGen       total 378880K, used 313895K [0x0000000081200000, 0x0000000098400000, 0x00000000d5b80000)
  object space 378880K, 82% used [0x0000000081200000,0x0000000094489ec0,0x0000000098400000)
 Metaspace       used 4113K, capacity 4576K, committed 4864K, reserved 1056768K
  class space    used 441K, capacity 459K, committed 512K, reserved 1048576K
Event: 12.545 GC heap after
Heap after GC invocations=39 (full 3):
 PSYoungGen      total 442368K, used 115181K [0x00000000d5b80000, 0x0000000100000000, 0x0000000100000000)
  eden space 327168K, 0% used [0x00000000d5b80000,0x00000000d5b80000,0x00000000e9b00000)
  from space 115200K, 99% used [0x00000000f8f80000,0x00000000ffffb688,0x0000000100000000)
  to   space 182784K, 0% used [0x00000000e9b00000,0x00000000e9b00000,0x00000000f4d80000)
 ParOldGen       total 408576K, used 408263K [0x0000000081200000, 0x000000009a100000, 0x00000000d5b80000)
  object space 408576K, 99% used [0x0000000081200000,0x000000009a0b1ec0,0x000000009a100000)
 Metaspace       used 4113K, capacity 4576K, committed 4864K, reserved 1056768K
  class space    used 441K, capacity 459K, committed 512K, reserved 1048576K
}
Event: 12.545 GC heap before
{Heap before GC invocations=40 (full 4):
 PSYoungGen      total 442368K, used 115181K [0x00000000d5b80000, 0x0000000100000000, 0x0000000100000000)
  eden space 327168K, 0% used [0x00000000d5b80000,0x00000000d5b80000,0x00000000e9b00000)
  from space 115200K, 99% used [0x00000000f8f80000,0x00000000ffffb688,0x0000000100000000)
  to   space 182784K, 0% used [0x00000000e9b00000,0x00000000e9b00000,0x00000000f4d80000)
 ParOldGen       total 408576K, used 408263K [0x0000000081200000, 0x000000009a100000, 0x00000000d5b80000)
  object space 408576K, 99% used [0x0000000081200000,0x000000009a0b1ec0,0x000000009a100000)
 Metaspace       used 4113K, capacity 4576K, committed 4864K, reserved 1056768K
  class space    used 441K, capacity 459K, committed 512K, reserved 1048576K

Deoptimization events (10 events):
Event: 4.602 Thread 0x000000000312e000 Uncommon trap: reason=unstable_if action=reinterpret pc=0x000000000334a7e0 method=java.util.regex.Pattern.sequence(Ljava/util/regex/Pattern$Node;)Ljava/util/regex/Pattern$Node; @ 512
Event: 4.602 Thread 0x000000000312e000 Uncommon trap: reason=class_check action=maybe_recompile pc=0x0000000003344a7c method=java.util.regex.Pattern$Start.<init>(Ljava/util/regex/Pattern$Node;)V @ 22
Event: 4.603 Thread 0x000000000312e000 Uncommon trap: reason=class_check action=maybe_recompile pc=0x000000000335e49c method=java.util.regex.Pattern$CharProperty.study(Ljava/util/regex/Pattern$TreeInfo;)Z @ 25
Event: 4.603 Thread 0x000000000312e000 Uncommon trap: reason=class_check action=maybe_recompile pc=0x000000000335e49c method=java.util.regex.Pattern$CharProperty.study(Ljava/util/regex/Pattern$TreeInfo;)Z @ 25
Event: 4.603 Thread 0x000000000312e000 Uncommon trap: reason=class_check action=maybe_recompile pc=0x000000000335e49c method=java.util.regex.Pattern$CharProperty.study(Ljava/util/regex/Pattern$TreeInfo;)Z @ 25
Event: 4.603 Thread 0x000000000312e000 Uncommon trap: reason=unstable_if action=reinterpret pc=0x00000000032c482c method=java.lang.String.substring(II)Ljava/lang/String; @ 58
Event: 4.941 Thread 0x000000000312e000 Uncommon trap: reason=unstable_if action=reinterpret pc=0x00000000033c8808 method=java.lang.ref.SoftReference.get()Ljava/lang/Object; @ 17
Event: 4.941 Thread 0x000000000312e000 Uncommon trap: reason=unstable_if action=reinterpret pc=0x00000000033dcae8 method=java.lang.ref.SoftReference.get()Ljava/lang/Object; @ 17
Event: 8.904 Thread 0x000000000312e000 Uncommon trap: reason=unstable_if action=reinterpret pc=0x00000000033ebb8c method=pa4.PA4.generateHash(Ljava/util/ArrayList;Ljava/util/ArrayList;Ljava/lang/String;)V @ 7
Event: 11.395 Thread 0x000000000312e000 Uncommon trap: reason=unstable_if action=reinterpret pc=0x000000000340a650 method=java.util.ArrayList$Itr.hasNext()Z @ 11

Internal exceptions (6 events):
Event: 0.025 Thread 0x000000000312e000 Exception <a 'java/lang/NoSuchMethodError': Method sun.misc.Unsafe.defineClass(Ljava/lang/String;[BII)Ljava/lang/Class; name or signature does not match> (0x00000000d5b87ca8) thrown at [C:\re\workspace\8-2-build-windows-amd64-cygwin\jdk8u131\8869\hotspot\
Event: 0.025 Thread 0x000000000312e000 Exception <a 'java/lang/NoSuchMethodError': Method sun.misc.Unsafe.prefetchRead(Ljava/lang/Object;J)V name or signature does not match> (0x00000000d5b87f90) thrown at [C:\re\workspace\8-2-build-windows-amd64-cygwin\jdk8u131\8869\hotspot\src\share\vm\prims
Event: 0.099 Thread 0x000000000312e000 Exception <a 'java/security/PrivilegedActionException'> (0x00000000d5c1a0f8) thrown at [C:\re\workspace\8-2-build-windows-amd64-cygwin\jdk8u131\8869\hotspot\src\share\vm\prims\jvm.cpp, line 1390]
Event: 0.099 Thread 0x000000000312e000 Exception <a 'java/security/PrivilegedActionException'> (0x00000000d5c1a4f0) thrown at [C:\re\workspace\8-2-build-windows-amd64-cygwin\jdk8u131\8869\hotspot\src\share\vm\prims\jvm.cpp, line 1390]
Event: 0.099 Thread 0x000000000312e000 Exception <a 'java/security/PrivilegedActionException'> (0x00000000d5c1e5e8) thrown at [C:\re\workspace\8-2-build-windows-amd64-cygwin\jdk8u131\8869\hotspot\src\share\vm\prims\jvm.cpp, line 1390]
Event: 0.099 Thread 0x000000000312e000 Exception <a 'java/security/PrivilegedActionException'> (0x00000000d5c1e9e0) thrown at [C:\re\workspace\8-2-build-windows-amd64-cygwin\jdk8u131\8869\hotspot\src\share\vm\prims\jvm.cpp, line 1390]

Events (10 events):
Event: 9.228 Executing VM operation: GetOrSetLocal
Event: 9.228 Executing VM operation: GetOrSetLocal done
Event: 9.228 Executing VM operation: GetOrSetLocal
Event: 9.228 Executing VM operation: GetOrSetLocal done
Event: 11.243 Thread 0x000000000312e000 DEOPT PACKING pc=0x000000000340474e sp=0x0000000002fce900
Event: 11.243 Thread 0x000000000312e000 DEOPT UNPACKING pc=0x000000000317787f sp=0x0000000002fce7a8 mode 0
Event: 11.395 Thread 0x000000000312e000 Uncommon trap: trap_request=0xffffff65 fr.pc=0x000000000340a650
Event: 11.395 Thread 0x000000000312e000 DEOPT PACKING pc=0x000000000340a650 sp=0x0000000002fce9e0
Event: 11.395 Thread 0x000000000312e000 DEOPT UNPACKING pc=0x000000000317582a sp=0x0000000002fce9d0 mode 2
Event: 12.453 Executing VM operation: ParallelGCFailedAllocation


Dynamic libraries:
0x00007ff6934e0000 - 0x00007ff693517000 	C:\Program Files\Java\jdk1.8.0_131\bin\java.exe
0x00007ff827dc0000 - 0x00007ff827f92000 	C:\windows\SYSTEM32\ntdll.dll
0x00007ff827620000 - 0x00007ff8276cc000 	C:\windows\System32\KERNEL32.DLL
0x00007ff824cd0000 - 0x00007ff824eed000 	C:\windows\System32\KERNELBASE.dll
0x00007ff8269f0000 - 0x00007ff826a92000 	C:\windows\System32\ADVAPI32.dll
0x00007ff827580000 - 0x00007ff82761e000 	C:\windows\System32\msvcrt.dll
0x00007ff827c60000 - 0x00007ff827cb9000 	C:\windows\System32\sechost.dll
0x00007ff826aa0000 - 0x00007ff826bc1000 	C:\windows\System32\RPCRT4.dll
0x00007ff827410000 - 0x00007ff827575000 	C:\windows\System32\USER32.dll
0x00007ff8242c0000 - 0x00007ff8242de000 	C:\windows\System32\win32u.dll
0x00007ff8276d0000 - 0x00007ff827704000 	C:\windows\System32\GDI32.dll
0x00007ff825000000 - 0x00007ff825180000 	C:\windows\System32\gdi32full.dll
0x00007ff813080000 - 0x00007ff8132fa000 	C:\windows\WinSxS\amd64_microsoft.windows.common-controls_6595b64144ccf1df_6.0.14393.953_none_42151e83c686086b\COMCTL32.dll
0x00007ff826f30000 - 0x00007ff8271f8000 	C:\windows\System32\combase.dll
0x00007ff824ad0000 - 0x00007ff824bc5000 	C:\windows\System32\ucrtbase.dll
0x00007ff8242e0000 - 0x00007ff82434a000 	C:\windows\System32\bcryptPrimitives.dll
0x00007ff827cc0000 - 0x00007ff827cee000 	C:\windows\System32\IMM32.DLL
0x000000005e5a0000 - 0x000000005e672000 	C:\Program Files\Java\jdk1.8.0_131\jre\bin\msvcr100.dll
0x000000005cff0000 - 0x000000005d88c000 	C:\Program Files\Java\jdk1.8.0_131\jre\bin\server\jvm.dll
0x00007ff8254d0000 - 0x00007ff8254d8000 	C:\windows\System32\PSAPI.DLL
0x00007ff81adb0000 - 0x00007ff81adb9000 	C:\windows\SYSTEM32\WSOCK32.dll
0x00007ff822610000 - 0x00007ff822633000 	C:\windows\SYSTEM32\WINMM.dll
0x00007ff8235b0000 - 0x00007ff8235ba000 	C:\windows\SYSTEM32\VERSION.dll
0x00007ff827710000 - 0x00007ff82777a000 	C:\windows\System32\WS2_32.dll
0x00000000016f0000 - 0x000000000171b000 	C:\windows\SYSTEM32\WINMMBASE.dll
0x00007ff824c80000 - 0x00007ff824cc2000 	C:\windows\System32\cfgmgr32.dll
0x000000005e550000 - 0x000000005e55f000 	C:\Program Files\Java\jdk1.8.0_131\jre\bin\verify.dll
0x000000005e520000 - 0x000000005e549000 	C:\Program Files\Java\jdk1.8.0_131\jre\bin\java.dll
0x000000005b120000 - 0x000000005b155000 	C:\Program Files\Java\jdk1.8.0_131\jre\bin\jdwp.dll
0x000000005b110000 - 0x000000005b118000 	C:\Program Files\Java\jdk1.8.0_131\jre\bin\npt.dll
0x000000005e500000 - 0x000000005e516000 	C:\Program Files\Java\jdk1.8.0_131\jre\bin\zip.dll
0x00007ff8254e0000 - 0x00007ff8269e9000 	C:\windows\System32\SHELL32.dll
0x00007ff8243f0000 - 0x00007ff824ac9000 	C:\windows\System32\windows.storage.dll
0x00007ff824270000 - 0x00007ff8242bc000 	C:\windows\System32\powrprof.dll
0x00007ff827d00000 - 0x00007ff827d52000 	C:\windows\System32\shlwapi.dll
0x00007ff824230000 - 0x00007ff82423f000 	C:\windows\System32\kernel.appcore.dll
0x00007ff824ef0000 - 0x00007ff824f99000 	C:\windows\System32\shcore.dll
0x00007ff824250000 - 0x00007ff824264000 	C:\windows\System32\profapi.dll
0x000000005b160000 - 0x000000005b16b000 	C:\Program Files\Java\jdk1.8.0_131\jre\bin\dt_shmem.dll
0x000000005e4e0000 - 0x000000005e4fa000 	C:\Program Files\Java\jdk1.8.0_131\jre\bin\net.dll
0x00007ff823b60000 - 0x00007ff823bbc000 	C:\windows\system32\mswsock.dll
0x000000005e4c0000 - 0x000000005e4d1000 	C:\Program Files\Java\jdk1.8.0_131\jre\bin\nio.dll
0x00007ff80f360000 - 0x00007ff80f4f2000 	C:\windows\SYSTEM32\dbghelp.dll

VM Arguments:
jvm_args: -Xdebug -Xrunjdwp:transport=dt_shmem,address=javadebug -Dfile.encoding=UTF-8 
java_command: pa4.PA4
java_class_path (initial): C:\Users\joshuadanna\Documents\GitHub\compSecPA4\build\classes
Launcher Type: SUN_STANDARD

Environment Variables:
PATH=C:\ProgramData\Oracle\Java\javapath;C:\windows\system32;C:\windows;C:\windows\System32\Wbem;C:\windows\System32\WindowsPowerShell\v1.0\;C:\Program Files (x86)\Novell\ZENworks\bin;C:\Program Files\Novell\iPrint;C:\Program Files (x86)\WinSCP\;c:\Program Files\TortoiseSVN\bin;C:\Program Files\Microsoft SQL Server\130\Tools\Binn\;C:\Program Files (x86)\GtkSharp\2.12\bin;C:\Program Files (x86)\Java\jre1.8.0_131\bin;C:\Program Files\dotnet\;C:\Program Files\Git\cmd;C:\Program Files\MATLAB\R2017a\runtime\win64;C:\Program Files\MATLAB\R2017a\bin;c:\altera\72sp3\quartus\bin;C:\Users\joshuadanna\AppData\Local\Microsoft\WindowsApps;C:\Users\joshuadanna\AppData\Local\GitHubDesktop\bin;Z:.;
USERNAME=joshuadanna
OS=Windows_NT
PROCESSOR_IDENTIFIER=Intel64 Family 6 Model 60 Stepping 3, GenuineIntel



---------------  S Y S T E M  ---------------

OS: Windows 10.0 , 64 bit Build 14393 (10.0.14393.1198)

CPU:total 4 (initial active 4) (4 cores per cpu, 1 threads per core) family 6 model 60 stepping 3, cmov, cx8, fxsr, mmx, sse, sse2, sse3, ssse3, sse4.1, sse4.2, popcnt, avx, avx2, aes, clmul, erms, lzcnt, tsc, tscinvbit, bmi1, bmi2

Memory: 4k page, physical 8310296k(4017984k free), swap 12145572k(5688232k free)

vm_info: Java HotSpot(TM) 64-Bit Server VM (25.131-b11) for windows-amd64 JRE (1.8.0_131-b11), built on Mar 15 2017 01:23:53 by "java_re" with MS VC++ 10.0 (VS2010)

time: Wed Apr 11 18:27:48 2018
elapsed time: 12 seconds (0d 0h 0m 12s)

